2024-09-11 00:26:37,495 NEW LOG
2024-09-11 00:26:37,495 lowest index: 3
2024-09-11 00:26:37,495 i: 0
2024-09-11 00:26:37,495 n: 9
2024-09-11 00:26:37,495 before: [5, 3, 2, 1, 8, 10, 11, 9, 23]
2024-09-11 00:26:37,495 first: [5, 3, 2, 5, 8, 10, 11, 9, 23]
2024-09-11 00:26:37,495 final: [5, 3, 2, 5, 8, 10, 11, 9, 23]
2024-09-11 00:26:37,495 lowest index: 2
2024-09-11 00:26:37,496 i: 1
2024-09-11 00:26:37,496 n: 8
2024-09-11 00:26:37,496 before: [5, 3, 2, 5, 8, 10, 11, 9, 23]
2024-09-11 00:26:37,496 first: [5, 3, 3, 5, 8, 10, 11, 9, 23]
2024-09-11 00:26:37,496 final: [5, 3, 3, 5, 8, 10, 11, 9, 23]
2024-09-11 00:26:37,497 lowest index: 2
2024-09-11 00:26:37,498 i: 2
2024-09-11 00:26:37,498 n: 7
2024-09-11 00:26:37,498 before: [5, 3, 3, 5, 8, 10, 11, 9, 23]
2024-09-11 00:26:37,498 first: [5, 3, 3, 5, 8, 10, 11, 9, 23]
2024-09-11 00:26:37,498 final: [5, 3, 3, 5, 8, 10, 11, 9, 23]
2024-09-11 00:26:37,498 lowest index: 1
2024-09-11 00:26:37,498 i: 3
2024-09-11 00:26:37,498 n: 6
2024-09-11 00:26:37,498 before: [5, 3, 3, 5, 8, 10, 11, 9, 23]
2024-09-11 00:26:37,498 first: [5, 5, 3, 5, 8, 10, 11, 9, 23]
2024-09-11 00:26:37,498 final: [5, 5, 3, 5, 8, 10, 11, 9, 23]
2024-09-11 00:26:37,498 lowest index: 2
2024-09-11 00:26:37,498 i: 4
2024-09-11 00:26:37,499 n: 5
2024-09-11 00:26:37,499 before: [5, 5, 3, 5, 8, 10, 11, 9, 23]
2024-09-11 00:26:37,499 first: [5, 5, 8, 5, 8, 10, 11, 9, 23]
2024-09-11 00:26:37,499 final: [5, 5, 8, 5, 8, 10, 11, 9, 23]
2024-09-11 00:26:37,499 lowest index: 0
2024-09-11 00:26:37,499 i: 5
2024-09-11 00:26:37,499 n: 4
2024-09-11 00:26:37,499 before: [5, 5, 8, 5, 8, 10, 11, 9, 23]
2024-09-11 00:26:37,499 first: [10, 5, 8, 5, 8, 10, 11, 9, 23]
2024-09-11 00:26:37,499 final: [10, 5, 8, 5, 8, 10, 11, 9, 23]
2024-09-11 00:26:37,499 lowest index: 1
2024-09-11 00:26:37,499 i: 6
2024-09-11 00:26:37,500 n: 3
2024-09-11 00:26:37,500 before: [10, 5, 8, 5, 8, 10, 11, 9, 23]
2024-09-11 00:26:37,500 first: [10, 11, 8, 5, 8, 10, 11, 9, 23]
2024-09-11 00:26:37,500 final: [10, 11, 8, 5, 8, 10, 11, 9, 23]
2024-09-11 00:26:37,500 lowest index: 7
2024-09-11 00:26:37,500 i: 7
2024-09-11 00:26:37,500 n: 2
2024-09-11 00:26:37,500 before: [10, 11, 8, 5, 8, 10, 11, 9, 23]
2024-09-11 00:26:37,500 first: [10, 11, 8, 5, 8, 10, 11, 9, 23]
2024-09-11 00:26:37,500 final: [10, 11, 8, 5, 8, 10, 11, 9, 23]
2024-09-11 00:26:37,500 lowest index: 0
2024-09-11 00:26:37,501 i: 8
2024-09-11 00:26:37,501 n: 1
2024-09-11 00:26:37,501 before: [10, 11, 8, 5, 8, 10, 11, 9, 23]
2024-09-11 00:26:37,501 first: [23, 11, 8, 5, 8, 10, 11, 9, 23]
2024-09-11 00:26:37,501 final: [23, 11, 8, 5, 8, 10, 11, 9, 23]
