2024-09-11 00:55:04,663 NEW LOG
2024-09-11 00:55:04,663 lowest index: 3
2024-09-11 00:55:04,664 i: 0
2024-09-11 00:55:04,664 n: 9
2024-09-11 00:55:04,664 lowestNum: 1
2024-09-11 00:55:04,664 before: [5, 3, 2, 1, 8, 10, 11, 9, 23]
2024-09-11 00:55:04,664 first: [5, 3, 2, 5, 8, 10, 11, 9, 23]
2024-09-11 00:55:04,664 final: [1, 3, 2, 5, 8, 10, 11, 9, 23]
2024-09-11 00:55:04,664 lowest index: 0
2024-09-11 00:55:04,664 i: 1
2024-09-11 00:55:04,664 n: 8
2024-09-11 00:55:04,664 lowestNum: 1
2024-09-11 00:55:04,665 before: [1, 3, 2, 5, 8, 10, 11, 9, 23]
2024-09-11 00:55:04,665 first: [3, 3, 2, 5, 8, 10, 11, 9, 23]
2024-09-11 00:55:04,668 final: [3, 1, 2, 5, 8, 10, 11, 9, 23]
2024-09-11 00:55:04,668 lowest index: 1
2024-09-11 00:55:04,668 i: 2
2024-09-11 00:55:04,668 n: 7
2024-09-11 00:55:04,668 lowestNum: 1
2024-09-11 00:55:04,668 before: [3, 1, 2, 5, 8, 10, 11, 9, 23]
2024-09-11 00:55:04,668 first: [3, 2, 2, 5, 8, 10, 11, 9, 23]
2024-09-11 00:55:04,668 final: [3, 2, 1, 5, 8, 10, 11, 9, 23]
2024-09-11 00:55:04,668 lowest index: 2
2024-09-11 00:55:04,668 i: 3
2024-09-11 00:55:04,669 n: 6
2024-09-11 00:55:04,669 lowestNum: 1
2024-09-11 00:55:04,669 before: [3, 2, 1, 5, 8, 10, 11, 9, 23]
2024-09-11 00:55:04,669 first: [3, 2, 5, 5, 8, 10, 11, 9, 23]
2024-09-11 00:55:04,669 final: [3, 2, 5, 1, 8, 10, 11, 9, 23]
2024-09-11 00:55:04,669 lowest index: 3
2024-09-11 00:55:04,669 i: 4
2024-09-11 00:55:04,669 n: 5
2024-09-11 00:55:04,669 lowestNum: 1
2024-09-11 00:55:04,669 before: [3, 2, 5, 1, 8, 10, 11, 9, 23]
2024-09-11 00:55:04,669 first: [3, 2, 5, 8, 8, 10, 11, 9, 23]
2024-09-11 00:55:04,669 final: [3, 2, 5, 8, 1, 10, 11, 9, 23]
2024-09-11 00:55:04,669 lowest index: 1
2024-09-11 00:55:04,669 i: 5
2024-09-11 00:55:04,670 n: 4
2024-09-11 00:55:04,670 lowestNum: 2
2024-09-11 00:55:04,670 before: [3, 2, 5, 8, 1, 10, 11, 9, 23]
2024-09-11 00:55:04,670 first: [3, 10, 5, 8, 1, 10, 11, 9, 23]
2024-09-11 00:55:04,670 final: [3, 10, 5, 8, 1, 2, 11, 9, 23]
2024-09-11 00:55:04,670 lowest index: 0
2024-09-11 00:55:04,670 i: 6
2024-09-11 00:55:04,670 n: 3
2024-09-11 00:55:04,670 lowestNum: 3
2024-09-11 00:55:04,670 before: [3, 10, 5, 8, 1, 2, 11, 9, 23]
2024-09-11 00:55:04,670 first: [11, 10, 5, 8, 1, 2, 11, 9, 23]
2024-09-11 00:55:04,670 final: [11, 10, 5, 8, 1, 2, 3, 9, 23]
2024-09-11 00:55:04,670 lowest index: 7
2024-09-11 00:55:04,670 i: 7
2024-09-11 00:55:04,671 n: 2
2024-09-11 00:55:04,671 lowestNum: 9
2024-09-11 00:55:04,671 before: [11, 10, 5, 8, 1, 2, 3, 9, 23]
2024-09-11 00:55:04,671 first: [11, 10, 5, 8, 1, 2, 3, 9, 23]
2024-09-11 00:55:04,671 final: [11, 10, 5, 8, 1, 2, 3, 9, 23]
2024-09-11 00:55:04,671 lowest index: 0
2024-09-11 00:55:04,671 i: 8
2024-09-11 00:55:04,671 n: 1
2024-09-11 00:55:04,671 lowestNum: 11
2024-09-11 00:55:04,671 before: [11, 10, 5, 8, 1, 2, 3, 9, 23]
2024-09-11 00:55:04,672 first: [23, 10, 5, 8, 1, 2, 3, 9, 23]
2024-09-11 00:55:04,672 final: [23, 10, 5, 8, 1, 2, 3, 9, 11]
